XTCTeam/53577900033600
XTCTeam/53577900035427
XTCTeam/53577900035427-1
XTCTeam/53577900035614
XTCTeam/53577900036553
XTCTeam/53577900036565
XTCTeam/53577900037884_bitbucket_branch_names
XTCTeam/53577900039826
XTCTeam/53577900039898_carthage
XTCTeam/53577900040000_upgrade_npm
XTCTeam/53577900040010_crash_stack
XTCTeam/53577900040103_custom_build
XTCTeam/53577900040601
XTCTeam/53577900040949
XTCTeam/53577900041584_New
XTCTeam/53577900041584_newSolution
XTCTeam/53577900041584_Old
XTCTeam/53577900041868
XTCTeam/53577900973857
XTCTeam/53577900973857_ObjectiveSee
XTCTeam/53577900979270
XTCTeam/53577900979270-1
XTCTeam/53577900980096_Analytics_Net_461
XTCTeam/53577900980637_AntiVirus
XTCTeam/53577900980637_AntiVirus_2
XTCTeam/aab_test
XTCTeam/ACC_API
XTCTeam/Ahana-Android_demo_app
XTCTeam/Ahana-G-RN-App
XTCTeam/AnalyticOne
XTCTeam/Android_Demo-Ahana
XTCTeam/Android_Xamarin
XTCTeam/Android_Xamarin_UI_Test
XTCTeam/AndroidXamarinBuildScriptSample
XTCTeam/AppCenter_WinForm
XTCTeam/AppCenterCustomApp
XTCTeam/AppCenterDiagnostics
XTCTeam/AppCenterGeneralLogger
XTCTeam/appcenter-sampleapp-android
XTCTeam/appcenter-sampleapp-ios-swift
XTCTeam/appcenter-sampleapp-macos-swift
XTCTeam/appcenter-sampleapp-react-native
XTCTeam/appcenter-sampleapp-react-native-1
XTCTeam/appcenter-sampleapp-xamarin
XTCTeam/appcenter-sampleapp-xamarin-1
XTCTeam/AppOne
XTCTeam/AppTwo
XTCTeam/azuredevops
XTCTeam/AzureDistribution
XTCTeam/AzureFunctionProxy
XTCTeam/brightdrop-ios-dev
XTCTeam/Buttons-XCUITest-demo
XTCTeam/CardiffMobileApp_53577900040349
XTCTeam/Clone_Example
XTCTeam/cPlusPlus
XTCTeam/CSSVSACUtil
XTCTeam/DeletingUsersPortal
XTCTeam/dfgdfsa
XTCTeam/Download_Speed
XTCTeam/dummy-android
XTCTeam/dummy-ios
XTCTeam/espresso_demo-ahana
XTCTeam/fairmanager
XTCTeam/FinalTry
XTCTeam/GitHubAppCenter
XTCTeam/GitHubManualWebHookConfigure
XTCTeam/GitLabSelfHost
XTCTeam/gradle_init_basic_kotlin
XTCTeam/install_appcenter_cli
XTCTeam/Intercom_Tools
XTCTeam/ionic_capacitor
XTCTeam/ionic_capacitor_android
XTCTeam/iOS_53577900040815
XTCTeam/ios_Crash_Analytics_AppCenter_SDK
XTCTeam/ios_Storyboard_ObjC_Sample
XTCTeam/iOSProvisioningCase
XTCTeam/iOSXamarinBuildScriptSample
XTCTeam/IsProjectRestoreSupported
XTCTeam/ISSUE_NU1503
XTCTeam/Kent-G.-App-Center-React-Native-Sample
XTCTeam/Kent-G.-Forms-Gallery
XTCTeam/Kent-G.-Forms-Gallery-1
XTCTeam/Kent-G.-React-Native-Sample-1
XTCTeam/Kent-G.-UITestDemo
XTCTeam/Kent-G.-UITestDemo-1
XTCTeam/Kent-G-UWP-Experiments
XTCTeam/keytool.windows
XTCTeam/ManualTestOnDevice
XTCTeam/MFD
XTCTeam/Microsoft-SampleApp-tvOS-Swift
XTCTeam/MulitFlavorDimension
XTCTeam/multiple_projects
XTCTeam/Notification-iOS-Aahana
XTCTeam/NU1503_Mobile_Project
XTCTeam/NU1503_Mobile_Project_Android
XTCTeam/NU1503_Mobile_Project_iOS
XTCTeam/nuget_issue
XTCTeam/nuget_issue_uwp
XTCTeam/NUITest
XTCTeam/ObjectiveC
XTCTeam/OneAnalytic
XTCTeam/Org_Security_Check
XTCTeam/Permission-1
XTCTeam/PortalReleseSorting
XTCTeam/PowerShell
XTCTeam/repo_missing_53577900985943
XTCTeam/Sample
XTCTeam/sample_azure_devops
XTCTeam/Sampleapp32
XTCTeam/SDKLoggingIssue
XTCTeam/ServiceRequest.Android
XTCTeam/ServiceRequest.iOS
XTCTeam/ServiceRequest.UWP
XTCTeam/Swiftnotes-Espresso-Kent
XTCTeam/TargetVersion
XTCTeam/test
XTCTeam/TEST
XTCTeam/ThreeAmigos_Android
XTCTeam/ThreeAmigos_iOS
XTCTeam/ThreeAmigos_UWP
XTCTeam/UITestDemo-Ahana
XTCTeam/UITestDemo-iOS-ahana
XTCTeam/UWP_SIGNINGCERTISSUE
XTCTeam/VS2019_Target_Framework
XTCTeam/VS22_OOB_Android_Xamarin
XTCTeam/VSAC_Diag
XTCTeam/Win_UWP_Electron
XTCTeam/Windows_UWP
XTCTeam/WPF_AppCenter_Sample
XTCTeam/XCUITest_Demo
XTCTeam/Yarn_Problems
AnthonyDevere/53577900033600
AnthonyDevere/53577900035427
AnthonyDevere/53577900035427-1
AnthonyDevere/53577900035614
AnthonyDevere/53577900036553
AnthonyDevere/53577900036565
AnthonyDevere/53577900037884_bitbucket_branch_names
AnthonyDevere/53577900039826
AnthonyDevere/53577900039898_carthage
AnthonyDevere/53577900040000_upgrade_npm
AnthonyDevere/53577900040010_crash_stack
AnthonyDevere/53577900040103_custom_build
AnthonyDevere/53577900040601
AnthonyDevere/53577900040949
AnthonyDevere/53577900041584_New
AnthonyDevere/53577900041584_newSolution
AnthonyDevere/53577900041584_Old
AnthonyDevere/53577900041868
AnthonyDevere/53577900973857
AnthonyDevere/53577900973857_ObjectiveSee
AnthonyDevere/53577900979270
AnthonyDevere/53577900979270-1
AnthonyDevere/53577900980096_Analytics_Net_461
AnthonyDevere/53577900980637_AntiVirus
AnthonyDevere/53577900980637_AntiVirus_2
AnthonyDevere/aab_test
AnthonyDevere/ACC_API
AnthonyDevere/Ahana-Android_demo_app
AnthonyDevere/Ahana-G-RN-App
AnthonyDevere/AnalyticOne
AnthonyDevere/Android_Demo-Ahana
AnthonyDevere/Android_Xamarin
AnthonyDevere/Android_Xamarin_UI_Test
AnthonyDevere/AndroidXamarinBuildScriptSample
AnthonyDevere/AppCenter_WinForm
AnthonyDevere/AppCenterCustomApp
AnthonyDevere/AppCenterDiagnostics
AnthonyDevere/AppCenterGeneralLogger
AnthonyDevere/appcenter-sampleapp-android
AnthonyDevere/appcenter-sampleapp-ios-swift
AnthonyDevere/appcenter-sampleapp-macos-swift
AnthonyDevere/appcenter-sampleapp-react-native
AnthonyDevere/appcenter-sampleapp-react-native-1
AnthonyDevere/appcenter-sampleapp-xamarin
AnthonyDevere/appcenter-sampleapp-xamarin-1
AnthonyDevere/AppOne
AnthonyDevere/AppTwo
AnthonyDevere/azuredevops
AnthonyDevere/AzureDistribution
AnthonyDevere/AzureFunctionProxy
AnthonyDevere/brightdrop-ios-dev
AnthonyDevere/Buttons-XCUITest-demo
AnthonyDevere/CardiffMobileApp_53577900040349
AnthonyDevere/Clone_Example
AnthonyDevere/cPlusPlus
AnthonyDevere/CSSVSACUtil
AnthonyDevere/DeletingUsersPortal
AnthonyDevere/dfgdfsa
AnthonyDevere/Download_Speed
AnthonyDevere/dummy-android
AnthonyDevere/dummy-ios
AnthonyDevere/espresso_demo-ahana
AnthonyDevere/fairmanager
AnthonyDevere/FinalTry
AnthonyDevere/GitHubAppCenter
AnthonyDevere/GitHubManualWebHookConfigure
AnthonyDevere/GitLabSelfHost
AnthonyDevere/gradle_init_basic_kotlin
AnthonyDevere/install_appcenter_cli
AnthonyDevere/Intercom_Tools
AnthonyDevere/ionic_capacitor
AnthonyDevere/ionic_capacitor_android
AnthonyDevere/iOS_53577900040815
AnthonyDevere/ios_Crash_Analytics_AppCenter_SDK
AnthonyDevere/ios_Storyboard_ObjC_Sample
AnthonyDevere/iOSProvisioningCase
AnthonyDevere/iOSXamarinBuildScriptSample
AnthonyDevere/IsProjectRestoreSupported
AnthonyDevere/ISSUE_NU1503
AnthonyDevere/Kent-G.-App-Center-React-Native-Sample
AnthonyDevere/Kent-G.-Forms-Gallery
AnthonyDevere/Kent-G.-Forms-Gallery-1
AnthonyDevere/Kent-G.-React-Native-Sample-1
AnthonyDevere/Kent-G.-UITestDemo
AnthonyDevere/Kent-G.-UITestDemo-1
AnthonyDevere/Kent-G-UWP-Experiments
AnthonyDevere/keytool.windows
AnthonyDevere/ManualTestOnDevice
AnthonyDevere/MFD
AnthonyDevere/Microsoft-SampleApp-tvOS-Swift
AnthonyDevere/MulitFlavorDimension
AnthonyDevere/multiple_projects
AnthonyDevere/Notification-iOS-Aahana
AnthonyDevere/NU1503_Mobile_Project
AnthonyDevere/NU1503_Mobile_Project_Android
AnthonyDevere/NU1503_Mobile_Project_iOS
AnthonyDevere/nuget_issue
AnthonyDevere/nuget_issue_uwp
AnthonyDevere/NUITest
AnthonyDevere/ObjectiveC
AnthonyDevere/OneAnalytic
AnthonyDevere/Org_Security_Check
AnthonyDevere/Permission-1
AnthonyDevere/PortalReleseSorting
AnthonyDevere/PowerShell
AnthonyDevere/repo_missing_53577900985943
AnthonyDevere/Sample
AnthonyDevere/sample_azure_devops
AnthonyDevere/Sampleapp32
AnthonyDevere/SDKLoggingIssue
AnthonyDevere/ServiceRequest.Android
AnthonyDevere/ServiceRequest.iOS
AnthonyDevere/ServiceRequest.UWP
AnthonyDevere/Swiftnotes-Espresso-Kent
AnthonyDevere/TargetVersion
AnthonyDevere/test
AnthonyDevere/TEST
AnthonyDevere/ThreeAmigos_Android
AnthonyDevere/ThreeAmigos_iOS
AnthonyDevere/ThreeAmigos_UWP
AnthonyDevere/UITestDemo-Ahana
AnthonyDevere/UITestDemo-iOS-ahana
AnthonyDevere/UWP_SIGNINGCERTISSUE
AnthonyDevere/VS2019_Target_Framework
AnthonyDevere/VS22_OOB_Android_Xamarin
AnthonyDevere/VSAC_Diag
AnthonyDevere/Win_UWP_Electron
AnthonyDevere/Windows_UWP
AnthonyDevere/WPF_AppCenter_Sample
AnthonyDevere/XCUITest_Demo
AnthonyDevere/Yarn_Problems
Support_Issues/53577900033600
Support_Issues/53577900035427
Support_Issues/53577900035427-1
Support_Issues/53577900035614
Support_Issues/53577900036553
Support_Issues/53577900036565
Support_Issues/53577900037884_bitbucket_branch_names
Support_Issues/53577900039826
Support_Issues/53577900039898_carthage
Support_Issues/53577900040000_upgrade_npm
Support_Issues/53577900040010_crash_stack
Support_Issues/53577900040103_custom_build
Support_Issues/53577900040601
Support_Issues/53577900040949
Support_Issues/53577900041584_New
Support_Issues/53577900041584_newSolution
Support_Issues/53577900041584_Old
Support_Issues/53577900041868
Support_Issues/53577900973857
Support_Issues/53577900973857_ObjectiveSee
Support_Issues/53577900979270
Support_Issues/53577900979270-1
Support_Issues/53577900980096_Analytics_Net_461
Support_Issues/53577900980637_AntiVirus
Support_Issues/53577900980637_AntiVirus_2
Support_Issues/aab_test
Support_Issues/ACC_API
Support_Issues/Ahana-Android_demo_app
Support_Issues/Ahana-G-RN-App
Support_Issues/AnalyticOne
Support_Issues/Android_Demo-Ahana
Support_Issues/Android_Xamarin
Support_Issues/Android_Xamarin_UI_Test
Support_Issues/AndroidXamarinBuildScriptSample
Support_Issues/AppCenter_WinForm
Support_Issues/AppCenterCustomApp
Support_Issues/AppCenterDiagnostics
Support_Issues/AppCenterGeneralLogger
Support_Issues/appcenter-sampleapp-android
Support_Issues/appcenter-sampleapp-ios-swift
Support_Issues/appcenter-sampleapp-macos-swift
Support_Issues/appcenter-sampleapp-react-native
Support_Issues/appcenter-sampleapp-react-native-1
Support_Issues/appcenter-sampleapp-xamarin
Support_Issues/appcenter-sampleapp-xamarin-1
Support_Issues/AppOne
Support_Issues/AppTwo
Support_Issues/azuredevops
Support_Issues/AzureDistribution
Support_Issues/AzureFunctionProxy
Support_Issues/brightdrop-ios-dev
Support_Issues/Buttons-XCUITest-demo
Support_Issues/CardiffMobileApp_53577900040349
Support_Issues/Clone_Example
Support_Issues/cPlusPlus
Support_Issues/CSSVSACUtil
Support_Issues/DeletingUsersPortal
Support_Issues/dfgdfsa
Support_Issues/Download_Speed
Support_Issues/dummy-android
Support_Issues/dummy-ios
Support_Issues/espresso_demo-ahana
Support_Issues/fairmanager
Support_Issues/FinalTry
Support_Issues/GitHubAppCenter
Support_Issues/GitHubManualWebHookConfigure
Support_Issues/GitLabSelfHost
Support_Issues/gradle_init_basic_kotlin
Support_Issues/install_appcenter_cli
Support_Issues/Intercom_Tools
Support_Issues/ionic_capacitor
Support_Issues/ionic_capacitor_android
Support_Issues/iOS_53577900040815
Support_Issues/ios_Crash_Analytics_AppCenter_SDK
Support_Issues/ios_Storyboard_ObjC_Sample
Support_Issues/iOSProvisioningCase
Support_Issues/iOSXamarinBuildScriptSample
Support_Issues/IsProjectRestoreSupported
Support_Issues/ISSUE_NU1503
Support_Issues/Kent-G.-App-Center-React-Native-Sample
Support_Issues/Kent-G.-Forms-Gallery
Support_Issues/Kent-G.-Forms-Gallery-1
Support_Issues/Kent-G.-React-Native-Sample-1
Support_Issues/Kent-G.-UITestDemo
Support_Issues/Kent-G.-UITestDemo-1
Support_Issues/Kent-G-UWP-Experiments
Support_Issues/keytool.windows
Support_Issues/ManualTestOnDevice
Support_Issues/MFD
Support_Issues/Microsoft-SampleApp-tvOS-Swift
Support_Issues/MulitFlavorDimension
Support_Issues/multiple_projects
Support_Issues/Notification-iOS-Aahana
Support_Issues/NU1503_Mobile_Project
Support_Issues/NU1503_Mobile_Project_Android
Support_Issues/NU1503_Mobile_Project_iOS
Support_Issues/nuget_issue
Support_Issues/nuget_issue_uwp
Support_Issues/NUITest
Support_Issues/ObjectiveC
Support_Issues/OneAnalytic
Support_Issues/Org_Security_Check
Support_Issues/Permission-1
Support_Issues/PortalReleseSorting
Support_Issues/PowerShell
Support_Issues/repo_missing_53577900985943
Support_Issues/Sample
Support_Issues/sample_azure_devops
Support_Issues/Sampleapp32
Support_Issues/SDKLoggingIssue
Support_Issues/ServiceRequest.Android
Support_Issues/ServiceRequest.iOS
Support_Issues/ServiceRequest.UWP
Support_Issues/Swiftnotes-Espresso-Kent
Support_Issues/TargetVersion
Support_Issues/test
Support_Issues/TEST
Support_Issues/ThreeAmigos_Android
Support_Issues/ThreeAmigos_iOS
Support_Issues/ThreeAmigos_UWP
Support_Issues/UITestDemo-Ahana
Support_Issues/UITestDemo-iOS-ahana
Support_Issues/UWP_SIGNINGCERTISSUE
Support_Issues/VS2019_Target_Framework
Support_Issues/VS22_OOB_Android_Xamarin
Support_Issues/VSAC_Diag
Support_Issues/Win_UWP_Electron
Support_Issues/Windows_UWP
Support_Issues/WPF_AppCenter_Sample
Support_Issues/XCUITest_Demo
Support_Issues/Yarn_Problems
Examples/53577900033600
Examples/53577900035427
Examples/53577900035427-1
Examples/53577900035614
Examples/53577900036553
Examples/53577900036565
Examples/53577900037884_bitbucket_branch_names
Examples/53577900039826
Examples/53577900039898_carthage
Examples/53577900040000_upgrade_npm
Examples/53577900040010_crash_stack
Examples/53577900040103_custom_build
Examples/53577900040601
Examples/53577900040949
Examples/53577900041584_New
Examples/53577900041584_newSolution
Examples/53577900041584_Old
Examples/53577900041868
Examples/53577900973857
Examples/53577900973857_ObjectiveSee
Examples/53577900979270
Examples/53577900979270-1
Examples/53577900980096_Analytics_Net_461
Examples/53577900980637_AntiVirus
Examples/53577900980637_AntiVirus_2
Examples/aab_test
Examples/ACC_API
Examples/Ahana-Android_demo_app
Examples/Ahana-G-RN-App
Examples/AnalyticOne
Examples/Android_Demo-Ahana
Examples/Android_Xamarin
Examples/Android_Xamarin_UI_Test
Examples/AndroidXamarinBuildScriptSample
Examples/AppCenter_WinForm
Examples/AppCenterCustomApp
Examples/AppCenterDiagnostics
Examples/AppCenterGeneralLogger
Examples/appcenter-sampleapp-android
Examples/appcenter-sampleapp-ios-swift
Examples/appcenter-sampleapp-macos-swift
Examples/appcenter-sampleapp-react-native
Examples/appcenter-sampleapp-react-native-1
Examples/appcenter-sampleapp-xamarin
Examples/appcenter-sampleapp-xamarin-1
Examples/AppOne
Examples/AppTwo
Examples/azuredevops
Examples/AzureDistribution
Examples/AzureFunctionProxy
Examples/brightdrop-ios-dev
Examples/Buttons-XCUITest-demo
Examples/CardiffMobileApp_53577900040349
Examples/Clone_Example
Examples/cPlusPlus
Examples/CSSVSACUtil
Examples/DeletingUsersPortal
Examples/dfgdfsa
Examples/Download_Speed
Examples/dummy-android
Examples/dummy-ios
Examples/espresso_demo-ahana
Examples/fairmanager
Examples/FinalTry
Examples/GitHubAppCenter
Examples/GitHubManualWebHookConfigure
Examples/GitLabSelfHost
Examples/gradle_init_basic_kotlin
Examples/install_appcenter_cli
Examples/Intercom_Tools
Examples/ionic_capacitor
Examples/ionic_capacitor_android
Examples/iOS_53577900040815
Examples/ios_Crash_Analytics_AppCenter_SDK
Examples/ios_Storyboard_ObjC_Sample
Examples/iOSProvisioningCase
Examples/iOSXamarinBuildScriptSample
Examples/IsProjectRestoreSupported
Examples/ISSUE_NU1503
Examples/Kent-G.-App-Center-React-Native-Sample
Examples/Kent-G.-Forms-Gallery
Examples/Kent-G.-Forms-Gallery-1
Examples/Kent-G.-React-Native-Sample-1
Examples/Kent-G.-UITestDemo
Examples/Kent-G.-UITestDemo-1
Examples/Kent-G-UWP-Experiments
Examples/keytool.windows
Examples/ManualTestOnDevice
Examples/MFD
Examples/Microsoft-SampleApp-tvOS-Swift
Examples/MulitFlavorDimension
Examples/multiple_projects
Examples/Notification-iOS-Aahana
Examples/NU1503_Mobile_Project
Examples/NU1503_Mobile_Project_Android
Examples/NU1503_Mobile_Project_iOS
Examples/nuget_issue
Examples/nuget_issue_uwp
Examples/NUITest
Examples/ObjectiveC
Examples/OneAnalytic
Examples/Org_Security_Check
Examples/Permission-1
Examples/PortalReleseSorting
Examples/PowerShell
Examples/repo_missing_53577900985943
Examples/Sample
Examples/sample_azure_devops
Examples/Sampleapp32
Examples/SDKLoggingIssue
Examples/ServiceRequest.Android
Examples/ServiceRequest.iOS
Examples/ServiceRequest.UWP
Examples/Swiftnotes-Espresso-Kent
Examples/TargetVersion
Examples/test
Examples/TEST
Examples/ThreeAmigos_Android
Examples/ThreeAmigos_iOS
Examples/ThreeAmigos_UWP
Examples/UITestDemo-Ahana
Examples/UITestDemo-iOS-ahana
Examples/UWP_SIGNINGCERTISSUE
Examples/VS2019_Target_Framework
Examples/VS22_OOB_Android_Xamarin
Examples/VSAC_Diag
Examples/Win_UWP_Electron
Examples/Windows_UWP
Examples/WPF_AppCenter_Sample
Examples/XCUITest_Demo
Examples/Yarn_Problems
CSSDistributionTest/53577900033600
CSSDistributionTest/53577900035427
CSSDistributionTest/53577900035427-1
CSSDistributionTest/53577900035614
CSSDistributionTest/53577900036553
CSSDistributionTest/53577900036565
CSSDistributionTest/53577900037884_bitbucket_branch_names
CSSDistributionTest/53577900039826
CSSDistributionTest/53577900039898_carthage
CSSDistributionTest/53577900040000_upgrade_npm
CSSDistributionTest/53577900040010_crash_stack
CSSDistributionTest/53577900040103_custom_build
CSSDistributionTest/53577900040601
CSSDistributionTest/53577900040949
CSSDistributionTest/53577900041584_New
CSSDistributionTest/53577900041584_newSolution
CSSDistributionTest/53577900041584_Old
CSSDistributionTest/53577900041868
CSSDistributionTest/53577900973857
CSSDistributionTest/53577900973857_ObjectiveSee
CSSDistributionTest/53577900979270
CSSDistributionTest/53577900979270-1
CSSDistributionTest/53577900980096_Analytics_Net_461
CSSDistributionTest/53577900980637_AntiVirus
CSSDistributionTest/53577900980637_AntiVirus_2
CSSDistributionTest/aab_test
CSSDistributionTest/ACC_API
CSSDistributionTest/Ahana-Android_demo_app
CSSDistributionTest/Ahana-G-RN-App
CSSDistributionTest/AnalyticOne
CSSDistributionTest/Android_Demo-Ahana
CSSDistributionTest/Android_Xamarin
CSSDistributionTest/Android_Xamarin_UI_Test
CSSDistributionTest/AndroidXamarinBuildScriptSample
CSSDistributionTest/AppCenter_WinForm
CSSDistributionTest/AppCenterCustomApp
CSSDistributionTest/AppCenterDiagnostics
CSSDistributionTest/AppCenterGeneralLogger
CSSDistributionTest/appcenter-sampleapp-android
CSSDistributionTest/appcenter-sampleapp-ios-swift
CSSDistributionTest/appcenter-sampleapp-macos-swift
CSSDistributionTest/appcenter-sampleapp-react-native
CSSDistributionTest/appcenter-sampleapp-react-native-1
CSSDistributionTest/appcenter-sampleapp-xamarin
CSSDistributionTest/appcenter-sampleapp-xamarin-1
CSSDistributionTest/AppOne
CSSDistributionTest/AppTwo
CSSDistributionTest/azuredevops
CSSDistributionTest/AzureDistribution
CSSDistributionTest/AzureFunctionProxy
CSSDistributionTest/brightdrop-ios-dev
CSSDistributionTest/Buttons-XCUITest-demo
CSSDistributionTest/CardiffMobileApp_53577900040349
CSSDistributionTest/Clone_Example
CSSDistributionTest/cPlusPlus
CSSDistributionTest/CSSVSACUtil
CSSDistributionTest/DeletingUsersPortal
CSSDistributionTest/dfgdfsa
CSSDistributionTest/Download_Speed
CSSDistributionTest/dummy-android
CSSDistributionTest/dummy-ios
CSSDistributionTest/espresso_demo-ahana
CSSDistributionTest/fairmanager
CSSDistributionTest/FinalTry
CSSDistributionTest/GitHubAppCenter
CSSDistributionTest/GitHubManualWebHookConfigure
CSSDistributionTest/GitLabSelfHost
CSSDistributionTest/gradle_init_basic_kotlin
CSSDistributionTest/install_appcenter_cli
CSSDistributionTest/Intercom_Tools
CSSDistributionTest/ionic_capacitor
CSSDistributionTest/ionic_capacitor_android
CSSDistributionTest/iOS_53577900040815
CSSDistributionTest/ios_Crash_Analytics_AppCenter_SDK
CSSDistributionTest/ios_Storyboard_ObjC_Sample
CSSDistributionTest/iOSProvisioningCase
CSSDistributionTest/iOSXamarinBuildScriptSample
CSSDistributionTest/IsProjectRestoreSupported
CSSDistributionTest/ISSUE_NU1503
CSSDistributionTest/Kent-G.-App-Center-React-Native-Sample
CSSDistributionTest/Kent-G.-Forms-Gallery
CSSDistributionTest/Kent-G.-Forms-Gallery-1
CSSDistributionTest/Kent-G.-React-Native-Sample-1
CSSDistributionTest/Kent-G.-UITestDemo
CSSDistributionTest/Kent-G.-UITestDemo-1
CSSDistributionTest/Kent-G-UWP-Experiments
CSSDistributionTest/keytool.windows
CSSDistributionTest/ManualTestOnDevice
CSSDistributionTest/MFD
CSSDistributionTest/Microsoft-SampleApp-tvOS-Swift
CSSDistributionTest/MulitFlavorDimension
CSSDistributionTest/multiple_projects
CSSDistributionTest/Notification-iOS-Aahana
CSSDistributionTest/NU1503_Mobile_Project
CSSDistributionTest/NU1503_Mobile_Project_Android
CSSDistributionTest/NU1503_Mobile_Project_iOS
CSSDistributionTest/nuget_issue
CSSDistributionTest/nuget_issue_uwp
CSSDistributionTest/NUITest
CSSDistributionTest/ObjectiveC
CSSDistributionTest/OneAnalytic
CSSDistributionTest/Org_Security_Check
CSSDistributionTest/Permission-1
CSSDistributionTest/PortalReleseSorting
CSSDistributionTest/PowerShell
CSSDistributionTest/repo_missing_53577900985943
CSSDistributionTest/Sample
CSSDistributionTest/sample_azure_devops
CSSDistributionTest/Sampleapp32
CSSDistributionTest/SDKLoggingIssue
CSSDistributionTest/ServiceRequest.Android
CSSDistributionTest/ServiceRequest.iOS
CSSDistributionTest/ServiceRequest.UWP
CSSDistributionTest/Swiftnotes-Espresso-Kent
CSSDistributionTest/TargetVersion
CSSDistributionTest/test
CSSDistributionTest/TEST
CSSDistributionTest/ThreeAmigos_Android
CSSDistributionTest/ThreeAmigos_iOS
CSSDistributionTest/ThreeAmigos_UWP
CSSDistributionTest/UITestDemo-Ahana
CSSDistributionTest/UITestDemo-iOS-ahana
CSSDistributionTest/UWP_SIGNINGCERTISSUE
CSSDistributionTest/VS2019_Target_Framework
CSSDistributionTest/VS22_OOB_Android_Xamarin
CSSDistributionTest/VSAC_Diag
CSSDistributionTest/Win_UWP_Electron
CSSDistributionTest/Windows_UWP
CSSDistributionTest/WPF_AppCenter_Sample
CSSDistributionTest/XCUITest_Demo
CSSDistributionTest/Yarn_Problems
AppCenterSupportDocs/53577900033600
AppCenterSupportDocs/53577900035427
AppCenterSupportDocs/53577900035427-1
AppCenterSupportDocs/53577900035614
AppCenterSupportDocs/53577900036553
AppCenterSupportDocs/53577900036565
AppCenterSupportDocs/53577900037884_bitbucket_branch_names
AppCenterSupportDocs/53577900039826
AppCenterSupportDocs/53577900039898_carthage
AppCenterSupportDocs/53577900040000_upgrade_npm
AppCenterSupportDocs/53577900040010_crash_stack
AppCenterSupportDocs/53577900040103_custom_build
AppCenterSupportDocs/53577900040601
AppCenterSupportDocs/53577900040949
AppCenterSupportDocs/53577900041584_New
AppCenterSupportDocs/53577900041584_newSolution
AppCenterSupportDocs/53577900041584_Old
AppCenterSupportDocs/53577900041868
AppCenterSupportDocs/53577900973857
AppCenterSupportDocs/53577900973857_ObjectiveSee
AppCenterSupportDocs/53577900979270
AppCenterSupportDocs/53577900979270-1
AppCenterSupportDocs/53577900980096_Analytics_Net_461
AppCenterSupportDocs/53577900980637_AntiVirus
AppCenterSupportDocs/53577900980637_AntiVirus_2
AppCenterSupportDocs/aab_test
AppCenterSupportDocs/ACC_API
AppCenterSupportDocs/Ahana-Android_demo_app
AppCenterSupportDocs/Ahana-G-RN-App
AppCenterSupportDocs/AnalyticOne
AppCenterSupportDocs/Android_Demo-Ahana
AppCenterSupportDocs/Android_Xamarin
AppCenterSupportDocs/Android_Xamarin_UI_Test
AppCenterSupportDocs/AndroidXamarinBuildScriptSample
AppCenterSupportDocs/AppCenter_WinForm
AppCenterSupportDocs/AppCenterCustomApp
AppCenterSupportDocs/AppCenterDiagnostics
AppCenterSupportDocs/AppCenterGeneralLogger
AppCenterSupportDocs/appcenter-sampleapp-android
AppCenterSupportDocs/appcenter-sampleapp-ios-swift
AppCenterSupportDocs/appcenter-sampleapp-macos-swift
AppCenterSupportDocs/appcenter-sampleapp-react-native
AppCenterSupportDocs/appcenter-sampleapp-react-native-1
AppCenterSupportDocs/appcenter-sampleapp-xamarin
AppCenterSupportDocs/appcenter-sampleapp-xamarin-1
AppCenterSupportDocs/AppOne
AppCenterSupportDocs/AppTwo
AppCenterSupportDocs/azuredevops
AppCenterSupportDocs/AzureDistribution
AppCenterSupportDocs/AzureFunctionProxy
AppCenterSupportDocs/brightdrop-ios-dev
AppCenterSupportDocs/Buttons-XCUITest-demo
AppCenterSupportDocs/CardiffMobileApp_53577900040349
AppCenterSupportDocs/Clone_Example
AppCenterSupportDocs/cPlusPlus
AppCenterSupportDocs/CSSVSACUtil
AppCenterSupportDocs/DeletingUsersPortal
AppCenterSupportDocs/dfgdfsa
AppCenterSupportDocs/Download_Speed
AppCenterSupportDocs/dummy-android
AppCenterSupportDocs/dummy-ios
AppCenterSupportDocs/espresso_demo-ahana
AppCenterSupportDocs/fairmanager
AppCenterSupportDocs/FinalTry
AppCenterSupportDocs/GitHubAppCenter
AppCenterSupportDocs/GitHubManualWebHookConfigure
AppCenterSupportDocs/GitLabSelfHost
AppCenterSupportDocs/gradle_init_basic_kotlin
AppCenterSupportDocs/install_appcenter_cli
AppCenterSupportDocs/Intercom_Tools
AppCenterSupportDocs/ionic_capacitor
AppCenterSupportDocs/ionic_capacitor_android
AppCenterSupportDocs/iOS_53577900040815
AppCenterSupportDocs/ios_Crash_Analytics_AppCenter_SDK
AppCenterSupportDocs/ios_Storyboard_ObjC_Sample
AppCenterSupportDocs/iOSProvisioningCase
AppCenterSupportDocs/iOSXamarinBuildScriptSample
AppCenterSupportDocs/IsProjectRestoreSupported
AppCenterSupportDocs/ISSUE_NU1503
AppCenterSupportDocs/Kent-G.-App-Center-React-Native-Sample
AppCenterSupportDocs/Kent-G.-Forms-Gallery
AppCenterSupportDocs/Kent-G.-Forms-Gallery-1
AppCenterSupportDocs/Kent-G.-React-Native-Sample-1
AppCenterSupportDocs/Kent-G.-UITestDemo
AppCenterSupportDocs/Kent-G.-UITestDemo-1
AppCenterSupportDocs/Kent-G-UWP-Experiments
AppCenterSupportDocs/keytool.windows
AppCenterSupportDocs/ManualTestOnDevice
AppCenterSupportDocs/MFD
AppCenterSupportDocs/Microsoft-SampleApp-tvOS-Swift
AppCenterSupportDocs/MulitFlavorDimension
AppCenterSupportDocs/multiple_projects
AppCenterSupportDocs/Notification-iOS-Aahana
AppCenterSupportDocs/NU1503_Mobile_Project
AppCenterSupportDocs/NU1503_Mobile_Project_Android
AppCenterSupportDocs/NU1503_Mobile_Project_iOS
AppCenterSupportDocs/nuget_issue
AppCenterSupportDocs/nuget_issue_uwp
AppCenterSupportDocs/NUITest
AppCenterSupportDocs/ObjectiveC
AppCenterSupportDocs/OneAnalytic
AppCenterSupportDocs/Org_Security_Check
AppCenterSupportDocs/Permission-1
AppCenterSupportDocs/PortalReleseSorting
AppCenterSupportDocs/PowerShell
AppCenterSupportDocs/repo_missing_53577900985943
AppCenterSupportDocs/Sample
AppCenterSupportDocs/sample_azure_devops
AppCenterSupportDocs/Sampleapp32
AppCenterSupportDocs/SDKLoggingIssue
AppCenterSupportDocs/ServiceRequest.Android
AppCenterSupportDocs/ServiceRequest.iOS
AppCenterSupportDocs/ServiceRequest.UWP
AppCenterSupportDocs/Swiftnotes-Espresso-Kent
AppCenterSupportDocs/TargetVersion
AppCenterSupportDocs/test
AppCenterSupportDocs/TEST
AppCenterSupportDocs/ThreeAmigos_Android
AppCenterSupportDocs/ThreeAmigos_iOS
AppCenterSupportDocs/ThreeAmigos_UWP
AppCenterSupportDocs/UITestDemo-Ahana
AppCenterSupportDocs/UITestDemo-iOS-ahana
AppCenterSupportDocs/UWP_SIGNINGCERTISSUE
AppCenterSupportDocs/VS2019_Target_Framework
AppCenterSupportDocs/VS22_OOB_Android_Xamarin
AppCenterSupportDocs/VSAC_Diag
AppCenterSupportDocs/Win_UWP_Electron
AppCenterSupportDocs/Windows_UWP
AppCenterSupportDocs/WPF_AppCenter_Sample
AppCenterSupportDocs/XCUITest_Demo
AppCenterSupportDocs/Yarn_Problems
DTSMoblie/53577900033600
DTSMoblie/53577900035427
DTSMoblie/53577900035427-1
DTSMoblie/53577900035614
DTSMoblie/53577900036553
DTSMoblie/53577900036565
DTSMoblie/53577900037884_bitbucket_branch_names
DTSMoblie/53577900039826
DTSMoblie/53577900039898_carthage
DTSMoblie/53577900040000_upgrade_npm
DTSMoblie/53577900040010_crash_stack
DTSMoblie/53577900040103_custom_build
DTSMoblie/53577900040601
DTSMoblie/53577900040949
DTSMoblie/53577900041584_New
DTSMoblie/53577900041584_newSolution
DTSMoblie/53577900041584_Old
DTSMoblie/53577900041868
DTSMoblie/53577900973857
DTSMoblie/53577900973857_ObjectiveSee
DTSMoblie/53577900979270
DTSMoblie/53577900979270-1
DTSMoblie/53577900980096_Analytics_Net_461
DTSMoblie/53577900980637_AntiVirus
DTSMoblie/53577900980637_AntiVirus_2
DTSMoblie/aab_test
DTSMoblie/ACC_API
DTSMoblie/Ahana-Android_demo_app
DTSMoblie/Ahana-G-RN-App
DTSMoblie/AnalyticOne
DTSMoblie/Android_Demo-Ahana
DTSMoblie/Android_Xamarin
DTSMoblie/Android_Xamarin_UI_Test
DTSMoblie/AndroidXamarinBuildScriptSample
DTSMoblie/AppCenter_WinForm
DTSMoblie/AppCenterCustomApp
DTSMoblie/AppCenterDiagnostics
DTSMoblie/AppCenterGeneralLogger
DTSMoblie/appcenter-sampleapp-android
DTSMoblie/appcenter-sampleapp-ios-swift
DTSMoblie/appcenter-sampleapp-macos-swift
DTSMoblie/appcenter-sampleapp-react-native
DTSMoblie/appcenter-sampleapp-react-native-1
DTSMoblie/appcenter-sampleapp-xamarin
DTSMoblie/appcenter-sampleapp-xamarin-1
DTSMoblie/AppOne
DTSMoblie/AppTwo
DTSMoblie/azuredevops
DTSMoblie/AzureDistribution
DTSMoblie/AzureFunctionProxy
DTSMoblie/brightdrop-ios-dev
DTSMoblie/Buttons-XCUITest-demo
DTSMoblie/CardiffMobileApp_53577900040349
DTSMoblie/Clone_Example
DTSMoblie/cPlusPlus
DTSMoblie/CSSVSACUtil
DTSMoblie/DeletingUsersPortal
DTSMoblie/dfgdfsa
DTSMoblie/Download_Speed
DTSMoblie/dummy-android
DTSMoblie/dummy-ios
DTSMoblie/espresso_demo-ahana
DTSMoblie/fairmanager
DTSMoblie/FinalTry
DTSMoblie/GitHubAppCenter
DTSMoblie/GitHubManualWebHookConfigure
DTSMoblie/GitLabSelfHost
DTSMoblie/gradle_init_basic_kotlin
DTSMoblie/install_appcenter_cli
DTSMoblie/Intercom_Tools
DTSMoblie/ionic_capacitor
DTSMoblie/ionic_capacitor_android
DTSMoblie/iOS_53577900040815
DTSMoblie/ios_Crash_Analytics_AppCenter_SDK
DTSMoblie/ios_Storyboard_ObjC_Sample
DTSMoblie/iOSProvisioningCase
DTSMoblie/iOSXamarinBuildScriptSample
DTSMoblie/IsProjectRestoreSupported
DTSMoblie/ISSUE_NU1503
DTSMoblie/Kent-G.-App-Center-React-Native-Sample
DTSMoblie/Kent-G.-Forms-Gallery
DTSMoblie/Kent-G.-Forms-Gallery-1
DTSMoblie/Kent-G.-React-Native-Sample-1
DTSMoblie/Kent-G.-UITestDemo
DTSMoblie/Kent-G.-UITestDemo-1
DTSMoblie/Kent-G-UWP-Experiments
DTSMoblie/keytool.windows
DTSMoblie/ManualTestOnDevice
DTSMoblie/MFD
DTSMoblie/Microsoft-SampleApp-tvOS-Swift
DTSMoblie/MulitFlavorDimension
DTSMoblie/multiple_projects
DTSMoblie/Notification-iOS-Aahana
DTSMoblie/NU1503_Mobile_Project
DTSMoblie/NU1503_Mobile_Project_Android
DTSMoblie/NU1503_Mobile_Project_iOS
DTSMoblie/nuget_issue
DTSMoblie/nuget_issue_uwp
DTSMoblie/NUITest
DTSMoblie/ObjectiveC
DTSMoblie/OneAnalytic
DTSMoblie/Org_Security_Check
DTSMoblie/Permission-1
DTSMoblie/PortalReleseSorting
DTSMoblie/PowerShell
DTSMoblie/repo_missing_53577900985943
DTSMoblie/Sample
DTSMoblie/sample_azure_devops
DTSMoblie/Sampleapp32
DTSMoblie/SDKLoggingIssue
DTSMoblie/ServiceRequest.Android
DTSMoblie/ServiceRequest.iOS
DTSMoblie/ServiceRequest.UWP
DTSMoblie/Swiftnotes-Espresso-Kent
DTSMoblie/TargetVersion
DTSMoblie/test
DTSMoblie/TEST
DTSMoblie/ThreeAmigos_Android
DTSMoblie/ThreeAmigos_iOS
DTSMoblie/ThreeAmigos_UWP
DTSMoblie/UITestDemo-Ahana
DTSMoblie/UITestDemo-iOS-ahana
DTSMoblie/UWP_SIGNINGCERTISSUE
DTSMoblie/VS2019_Target_Framework
DTSMoblie/VS22_OOB_Android_Xamarin
DTSMoblie/VSAC_Diag
DTSMoblie/Win_UWP_Electron
DTSMoblie/Windows_UWP
DTSMoblie/WPF_AppCenter_Sample
DTSMoblie/XCUITest_Demo
DTSMoblie/Yarn_Problems
CSS_Tools/53577900033600
CSS_Tools/53577900035427
CSS_Tools/53577900035427-1
CSS_Tools/53577900035614
CSS_Tools/53577900036553
CSS_Tools/53577900036565
CSS_Tools/53577900037884_bitbucket_branch_names
CSS_Tools/53577900039826
CSS_Tools/53577900039898_carthage
CSS_Tools/53577900040000_upgrade_npm
CSS_Tools/53577900040010_crash_stack
CSS_Tools/53577900040103_custom_build
CSS_Tools/53577900040601
CSS_Tools/53577900040949
CSS_Tools/53577900041584_New
CSS_Tools/53577900041584_newSolution
CSS_Tools/53577900041584_Old
CSS_Tools/53577900041868
CSS_Tools/53577900973857
CSS_Tools/53577900973857_ObjectiveSee
CSS_Tools/53577900979270
CSS_Tools/53577900979270-1
CSS_Tools/53577900980096_Analytics_Net_461
CSS_Tools/53577900980637_AntiVirus
CSS_Tools/53577900980637_AntiVirus_2
CSS_Tools/aab_test
CSS_Tools/ACC_API
CSS_Tools/Ahana-Android_demo_app
CSS_Tools/Ahana-G-RN-App
CSS_Tools/AnalyticOne
CSS_Tools/Android_Demo-Ahana
CSS_Tools/Android_Xamarin
CSS_Tools/Android_Xamarin_UI_Test
CSS_Tools/AndroidXamarinBuildScriptSample
CSS_Tools/AppCenter_WinForm
CSS_Tools/AppCenterCustomApp
CSS_Tools/AppCenterDiagnostics
CSS_Tools/AppCenterGeneralLogger
CSS_Tools/appcenter-sampleapp-android
CSS_Tools/appcenter-sampleapp-ios-swift
CSS_Tools/appcenter-sampleapp-macos-swift
CSS_Tools/appcenter-sampleapp-react-native
CSS_Tools/appcenter-sampleapp-react-native-1
CSS_Tools/appcenter-sampleapp-xamarin
CSS_Tools/appcenter-sampleapp-xamarin-1
CSS_Tools/AppOne
CSS_Tools/AppTwo
CSS_Tools/azuredevops
CSS_Tools/AzureDistribution
CSS_Tools/AzureFunctionProxy
CSS_Tools/brightdrop-ios-dev
CSS_Tools/Buttons-XCUITest-demo
CSS_Tools/CardiffMobileApp_53577900040349
CSS_Tools/Clone_Example
CSS_Tools/cPlusPlus
CSS_Tools/CSSVSACUtil
CSS_Tools/DeletingUsersPortal
CSS_Tools/dfgdfsa
CSS_Tools/Download_Speed
CSS_Tools/dummy-android
CSS_Tools/dummy-ios
CSS_Tools/espresso_demo-ahana
CSS_Tools/fairmanager
CSS_Tools/FinalTry
CSS_Tools/GitHubAppCenter
CSS_Tools/GitHubManualWebHookConfigure
CSS_Tools/GitLabSelfHost
CSS_Tools/gradle_init_basic_kotlin
CSS_Tools/install_appcenter_cli
CSS_Tools/Intercom_Tools
CSS_Tools/ionic_capacitor
CSS_Tools/ionic_capacitor_android
CSS_Tools/iOS_53577900040815
CSS_Tools/ios_Crash_Analytics_AppCenter_SDK
CSS_Tools/ios_Storyboard_ObjC_Sample
CSS_Tools/iOSProvisioningCase
CSS_Tools/iOSXamarinBuildScriptSample
CSS_Tools/IsProjectRestoreSupported
CSS_Tools/ISSUE_NU1503
CSS_Tools/Kent-G.-App-Center-React-Native-Sample
CSS_Tools/Kent-G.-Forms-Gallery
CSS_Tools/Kent-G.-Forms-Gallery-1
CSS_Tools/Kent-G.-React-Native-Sample-1
CSS_Tools/Kent-G.-UITestDemo
CSS_Tools/Kent-G.-UITestDemo-1
CSS_Tools/Kent-G-UWP-Experiments
CSS_Tools/keytool.windows
CSS_Tools/ManualTestOnDevice
CSS_Tools/MFD
CSS_Tools/Microsoft-SampleApp-tvOS-Swift
CSS_Tools/MulitFlavorDimension
CSS_Tools/multiple_projects
CSS_Tools/Notification-iOS-Aahana
CSS_Tools/NU1503_Mobile_Project
CSS_Tools/NU1503_Mobile_Project_Android
CSS_Tools/NU1503_Mobile_Project_iOS
CSS_Tools/nuget_issue
CSS_Tools/nuget_issue_uwp
CSS_Tools/NUITest
CSS_Tools/ObjectiveC
CSS_Tools/OneAnalytic
CSS_Tools/Org_Security_Check
CSS_Tools/Permission-1
CSS_Tools/PortalReleseSorting
CSS_Tools/PowerShell
CSS_Tools/repo_missing_53577900985943
CSS_Tools/Sample
CSS_Tools/sample_azure_devops
CSS_Tools/Sampleapp32
CSS_Tools/SDKLoggingIssue
CSS_Tools/ServiceRequest.Android
CSS_Tools/ServiceRequest.iOS
CSS_Tools/ServiceRequest.UWP
CSS_Tools/Swiftnotes-Espresso-Kent
CSS_Tools/TargetVersion
CSS_Tools/test
CSS_Tools/TEST
CSS_Tools/ThreeAmigos_Android
CSS_Tools/ThreeAmigos_iOS
CSS_Tools/ThreeAmigos_UWP
CSS_Tools/UITestDemo-Ahana
CSS_Tools/UITestDemo-iOS-ahana
CSS_Tools/UWP_SIGNINGCERTISSUE
CSS_Tools/VS2019_Target_Framework
CSS_Tools/VS22_OOB_Android_Xamarin
CSS_Tools/VSAC_Diag
CSS_Tools/Win_UWP_Electron
CSS_Tools/Windows_UWP
CSS_Tools/WPF_AppCenter_Sample
CSS_Tools/XCUITest_Demo
CSS_Tools/Yarn_Problems
AzureDevOps_TDEVERE/53577900033600
AzureDevOps_TDEVERE/53577900035427
AzureDevOps_TDEVERE/53577900035427-1
AzureDevOps_TDEVERE/53577900035614
AzureDevOps_TDEVERE/53577900036553
AzureDevOps_TDEVERE/53577900036565
AzureDevOps_TDEVERE/53577900037884_bitbucket_branch_names
AzureDevOps_TDEVERE/53577900039826
AzureDevOps_TDEVERE/53577900039898_carthage
AzureDevOps_TDEVERE/53577900040000_upgrade_npm
AzureDevOps_TDEVERE/53577900040010_crash_stack
AzureDevOps_TDEVERE/53577900040103_custom_build
AzureDevOps_TDEVERE/53577900040601
AzureDevOps_TDEVERE/53577900040949
AzureDevOps_TDEVERE/53577900041584_New
AzureDevOps_TDEVERE/53577900041584_newSolution
AzureDevOps_TDEVERE/53577900041584_Old
AzureDevOps_TDEVERE/53577900041868
AzureDevOps_TDEVERE/53577900973857
AzureDevOps_TDEVERE/53577900973857_ObjectiveSee
AzureDevOps_TDEVERE/53577900979270
AzureDevOps_TDEVERE/53577900979270-1
AzureDevOps_TDEVERE/53577900980096_Analytics_Net_461
AzureDevOps_TDEVERE/53577900980637_AntiVirus
AzureDevOps_TDEVERE/53577900980637_AntiVirus_2
AzureDevOps_TDEVERE/aab_test
AzureDevOps_TDEVERE/ACC_API
AzureDevOps_TDEVERE/Ahana-Android_demo_app
AzureDevOps_TDEVERE/Ahana-G-RN-App
AzureDevOps_TDEVERE/AnalyticOne
AzureDevOps_TDEVERE/Android_Demo-Ahana
AzureDevOps_TDEVERE/Android_Xamarin
AzureDevOps_TDEVERE/Android_Xamarin_UI_Test
AzureDevOps_TDEVERE/AndroidXamarinBuildScriptSample
AzureDevOps_TDEVERE/AppCenter_WinForm
AzureDevOps_TDEVERE/AppCenterCustomApp
AzureDevOps_TDEVERE/AppCenterDiagnostics
AzureDevOps_TDEVERE/AppCenterGeneralLogger
AzureDevOps_TDEVERE/appcenter-sampleapp-android
AzureDevOps_TDEVERE/appcenter-sampleapp-ios-swift
AzureDevOps_TDEVERE/appcenter-sampleapp-macos-swift
AzureDevOps_TDEVERE/appcenter-sampleapp-react-native
AzureDevOps_TDEVERE/appcenter-sampleapp-react-native-1
AzureDevOps_TDEVERE/appcenter-sampleapp-xamarin
AzureDevOps_TDEVERE/appcenter-sampleapp-xamarin-1
AzureDevOps_TDEVERE/AppOne
AzureDevOps_TDEVERE/AppTwo
AzureDevOps_TDEVERE/azuredevops
AzureDevOps_TDEVERE/AzureDistribution
AzureDevOps_TDEVERE/AzureFunctionProxy
AzureDevOps_TDEVERE/brightdrop-ios-dev
AzureDevOps_TDEVERE/Buttons-XCUITest-demo
AzureDevOps_TDEVERE/CardiffMobileApp_53577900040349
AzureDevOps_TDEVERE/Clone_Example
AzureDevOps_TDEVERE/cPlusPlus
AzureDevOps_TDEVERE/CSSVSACUtil
AzureDevOps_TDEVERE/DeletingUsersPortal
AzureDevOps_TDEVERE/dfgdfsa
AzureDevOps_TDEVERE/Download_Speed
AzureDevOps_TDEVERE/dummy-android
AzureDevOps_TDEVERE/dummy-ios
AzureDevOps_TDEVERE/espresso_demo-ahana
AzureDevOps_TDEVERE/fairmanager
AzureDevOps_TDEVERE/FinalTry
AzureDevOps_TDEVERE/GitHubAppCenter
AzureDevOps_TDEVERE/GitHubManualWebHookConfigure
AzureDevOps_TDEVERE/GitLabSelfHost
AzureDevOps_TDEVERE/gradle_init_basic_kotlin
AzureDevOps_TDEVERE/install_appcenter_cli
AzureDevOps_TDEVERE/Intercom_Tools
AzureDevOps_TDEVERE/ionic_capacitor
AzureDevOps_TDEVERE/ionic_capacitor_android
AzureDevOps_TDEVERE/iOS_53577900040815
AzureDevOps_TDEVERE/ios_Crash_Analytics_AppCenter_SDK
AzureDevOps_TDEVERE/ios_Storyboard_ObjC_Sample
AzureDevOps_TDEVERE/iOSProvisioningCase
AzureDevOps_TDEVERE/iOSXamarinBuildScriptSample
AzureDevOps_TDEVERE/IsProjectRestoreSupported
AzureDevOps_TDEVERE/ISSUE_NU1503
AzureDevOps_TDEVERE/Kent-G.-App-Center-React-Native-Sample
AzureDevOps_TDEVERE/Kent-G.-Forms-Gallery
AzureDevOps_TDEVERE/Kent-G.-Forms-Gallery-1
AzureDevOps_TDEVERE/Kent-G.-React-Native-Sample-1
AzureDevOps_TDEVERE/Kent-G.-UITestDemo
AzureDevOps_TDEVERE/Kent-G.-UITestDemo-1
AzureDevOps_TDEVERE/Kent-G-UWP-Experiments
AzureDevOps_TDEVERE/keytool.windows
AzureDevOps_TDEVERE/ManualTestOnDevice
AzureDevOps_TDEVERE/MFD
AzureDevOps_TDEVERE/Microsoft-SampleApp-tvOS-Swift
AzureDevOps_TDEVERE/MulitFlavorDimension
AzureDevOps_TDEVERE/multiple_projects
AzureDevOps_TDEVERE/Notification-iOS-Aahana
AzureDevOps_TDEVERE/NU1503_Mobile_Project
AzureDevOps_TDEVERE/NU1503_Mobile_Project_Android
AzureDevOps_TDEVERE/NU1503_Mobile_Project_iOS
AzureDevOps_TDEVERE/nuget_issue
AzureDevOps_TDEVERE/nuget_issue_uwp
AzureDevOps_TDEVERE/NUITest
AzureDevOps_TDEVERE/ObjectiveC
AzureDevOps_TDEVERE/OneAnalytic
AzureDevOps_TDEVERE/Org_Security_Check
AzureDevOps_TDEVERE/Permission-1
AzureDevOps_TDEVERE/PortalReleseSorting
AzureDevOps_TDEVERE/PowerShell
AzureDevOps_TDEVERE/repo_missing_53577900985943
AzureDevOps_TDEVERE/Sample
AzureDevOps_TDEVERE/sample_azure_devops
AzureDevOps_TDEVERE/Sampleapp32
AzureDevOps_TDEVERE/SDKLoggingIssue
AzureDevOps_TDEVERE/ServiceRequest.Android
AzureDevOps_TDEVERE/ServiceRequest.iOS
AzureDevOps_TDEVERE/ServiceRequest.UWP
AzureDevOps_TDEVERE/Swiftnotes-Espresso-Kent
AzureDevOps_TDEVERE/TargetVersion
AzureDevOps_TDEVERE/test
AzureDevOps_TDEVERE/TEST
AzureDevOps_TDEVERE/ThreeAmigos_Android
AzureDevOps_TDEVERE/ThreeAmigos_iOS
AzureDevOps_TDEVERE/ThreeAmigos_UWP
AzureDevOps_TDEVERE/UITestDemo-Ahana
AzureDevOps_TDEVERE/UITestDemo-iOS-ahana
AzureDevOps_TDEVERE/UWP_SIGNINGCERTISSUE
AzureDevOps_TDEVERE/VS2019_Target_Framework
AzureDevOps_TDEVERE/VS22_OOB_Android_Xamarin
AzureDevOps_TDEVERE/VSAC_Diag
AzureDevOps_TDEVERE/Win_UWP_Electron
AzureDevOps_TDEVERE/Windows_UWP
AzureDevOps_TDEVERE/WPF_AppCenter_Sample
AzureDevOps_TDEVERE/XCUITest_Demo
AzureDevOps_TDEVERE/Yarn_Problems
QuickTest_CSS/53577900033600
QuickTest_CSS/53577900035427
QuickTest_CSS/53577900035427-1
QuickTest_CSS/53577900035614
QuickTest_CSS/53577900036553
QuickTest_CSS/53577900036565
QuickTest_CSS/53577900037884_bitbucket_branch_names
QuickTest_CSS/53577900039826
QuickTest_CSS/53577900039898_carthage
QuickTest_CSS/53577900040000_upgrade_npm
QuickTest_CSS/53577900040010_crash_stack
QuickTest_CSS/53577900040103_custom_build
QuickTest_CSS/53577900040601
QuickTest_CSS/53577900040949
QuickTest_CSS/53577900041584_New
QuickTest_CSS/53577900041584_newSolution
QuickTest_CSS/53577900041584_Old
QuickTest_CSS/53577900041868
QuickTest_CSS/53577900973857
QuickTest_CSS/53577900973857_ObjectiveSee
QuickTest_CSS/53577900979270
QuickTest_CSS/53577900979270-1
QuickTest_CSS/53577900980096_Analytics_Net_461
QuickTest_CSS/53577900980637_AntiVirus
QuickTest_CSS/53577900980637_AntiVirus_2
QuickTest_CSS/aab_test
QuickTest_CSS/ACC_API
QuickTest_CSS/Ahana-Android_demo_app
QuickTest_CSS/Ahana-G-RN-App
QuickTest_CSS/AnalyticOne
QuickTest_CSS/Android_Demo-Ahana
QuickTest_CSS/Android_Xamarin
QuickTest_CSS/Android_Xamarin_UI_Test
QuickTest_CSS/AndroidXamarinBuildScriptSample
QuickTest_CSS/AppCenter_WinForm
QuickTest_CSS/AppCenterCustomApp
QuickTest_CSS/AppCenterDiagnostics
QuickTest_CSS/AppCenterGeneralLogger
QuickTest_CSS/appcenter-sampleapp-android
QuickTest_CSS/appcenter-sampleapp-ios-swift
QuickTest_CSS/appcenter-sampleapp-macos-swift
QuickTest_CSS/appcenter-sampleapp-react-native
QuickTest_CSS/appcenter-sampleapp-react-native-1
QuickTest_CSS/appcenter-sampleapp-xamarin
QuickTest_CSS/appcenter-sampleapp-xamarin-1
QuickTest_CSS/AppOne
QuickTest_CSS/AppTwo
QuickTest_CSS/azuredevops
QuickTest_CSS/AzureDistribution
QuickTest_CSS/AzureFunctionProxy
QuickTest_CSS/brightdrop-ios-dev
QuickTest_CSS/Buttons-XCUITest-demo
QuickTest_CSS/CardiffMobileApp_53577900040349
QuickTest_CSS/Clone_Example
QuickTest_CSS/cPlusPlus
QuickTest_CSS/CSSVSACUtil
QuickTest_CSS/DeletingUsersPortal
QuickTest_CSS/dfgdfsa
QuickTest_CSS/Download_Speed
QuickTest_CSS/dummy-android
QuickTest_CSS/dummy-ios
QuickTest_CSS/espresso_demo-ahana
QuickTest_CSS/fairmanager
QuickTest_CSS/FinalTry
QuickTest_CSS/GitHubAppCenter
QuickTest_CSS/GitHubManualWebHookConfigure
QuickTest_CSS/GitLabSelfHost
QuickTest_CSS/gradle_init_basic_kotlin
QuickTest_CSS/install_appcenter_cli
QuickTest_CSS/Intercom_Tools
QuickTest_CSS/ionic_capacitor
QuickTest_CSS/ionic_capacitor_android
QuickTest_CSS/iOS_53577900040815
QuickTest_CSS/ios_Crash_Analytics_AppCenter_SDK
QuickTest_CSS/ios_Storyboard_ObjC_Sample
QuickTest_CSS/iOSProvisioningCase
QuickTest_CSS/iOSXamarinBuildScriptSample
QuickTest_CSS/IsProjectRestoreSupported
QuickTest_CSS/ISSUE_NU1503
QuickTest_CSS/Kent-G.-App-Center-React-Native-Sample
QuickTest_CSS/Kent-G.-Forms-Gallery
QuickTest_CSS/Kent-G.-Forms-Gallery-1
QuickTest_CSS/Kent-G.-React-Native-Sample-1
QuickTest_CSS/Kent-G.-UITestDemo
QuickTest_CSS/Kent-G.-UITestDemo-1
QuickTest_CSS/Kent-G-UWP-Experiments
QuickTest_CSS/keytool.windows
QuickTest_CSS/ManualTestOnDevice
QuickTest_CSS/MFD
QuickTest_CSS/Microsoft-SampleApp-tvOS-Swift
QuickTest_CSS/MulitFlavorDimension
QuickTest_CSS/multiple_projects
QuickTest_CSS/Notification-iOS-Aahana
QuickTest_CSS/NU1503_Mobile_Project
QuickTest_CSS/NU1503_Mobile_Project_Android
QuickTest_CSS/NU1503_Mobile_Project_iOS
QuickTest_CSS/nuget_issue
QuickTest_CSS/nuget_issue_uwp
QuickTest_CSS/NUITest
QuickTest_CSS/ObjectiveC
QuickTest_CSS/OneAnalytic
QuickTest_CSS/Org_Security_Check
QuickTest_CSS/Permission-1
QuickTest_CSS/PortalReleseSorting
QuickTest_CSS/PowerShell
QuickTest_CSS/repo_missing_53577900985943
QuickTest_CSS/Sample
QuickTest_CSS/sample_azure_devops
QuickTest_CSS/Sampleapp32
QuickTest_CSS/SDKLoggingIssue
QuickTest_CSS/ServiceRequest.Android
QuickTest_CSS/ServiceRequest.iOS
QuickTest_CSS/ServiceRequest.UWP
QuickTest_CSS/Swiftnotes-Espresso-Kent
QuickTest_CSS/TargetVersion
QuickTest_CSS/test
QuickTest_CSS/TEST
QuickTest_CSS/ThreeAmigos_Android
QuickTest_CSS/ThreeAmigos_iOS
QuickTest_CSS/ThreeAmigos_UWP
QuickTest_CSS/UITestDemo-Ahana
QuickTest_CSS/UITestDemo-iOS-ahana
QuickTest_CSS/UWP_SIGNINGCERTISSUE
QuickTest_CSS/VS2019_Target_Framework
QuickTest_CSS/VS22_OOB_Android_Xamarin
QuickTest_CSS/VSAC_Diag
QuickTest_CSS/Win_UWP_Electron
QuickTest_CSS/Windows_UWP
QuickTest_CSS/WPF_AppCenter_Sample
QuickTest_CSS/XCUITest_Demo
QuickTest_CSS/Yarn_Problems
BrightDrop/53577900033600
BrightDrop/53577900035427
BrightDrop/53577900035427-1
BrightDrop/53577900035614
BrightDrop/53577900036553
BrightDrop/53577900036565
BrightDrop/53577900037884_bitbucket_branch_names
BrightDrop/53577900039826
BrightDrop/53577900039898_carthage
BrightDrop/53577900040000_upgrade_npm
BrightDrop/53577900040010_crash_stack
BrightDrop/53577900040103_custom_build
BrightDrop/53577900040601
BrightDrop/53577900040949
BrightDrop/53577900041584_New
BrightDrop/53577900041584_newSolution
BrightDrop/53577900041584_Old
BrightDrop/53577900041868
BrightDrop/53577900973857
BrightDrop/53577900973857_ObjectiveSee
BrightDrop/53577900979270
BrightDrop/53577900979270-1
BrightDrop/53577900980096_Analytics_Net_461
BrightDrop/53577900980637_AntiVirus
BrightDrop/53577900980637_AntiVirus_2
BrightDrop/aab_test
BrightDrop/ACC_API
BrightDrop/Ahana-Android_demo_app
BrightDrop/Ahana-G-RN-App
BrightDrop/AnalyticOne
BrightDrop/Android_Demo-Ahana
BrightDrop/Android_Xamarin
BrightDrop/Android_Xamarin_UI_Test
BrightDrop/AndroidXamarinBuildScriptSample
BrightDrop/AppCenter_WinForm
BrightDrop/AppCenterCustomApp
BrightDrop/AppCenterDiagnostics
BrightDrop/AppCenterGeneralLogger
BrightDrop/appcenter-sampleapp-android
BrightDrop/appcenter-sampleapp-ios-swift
BrightDrop/appcenter-sampleapp-macos-swift
BrightDrop/appcenter-sampleapp-react-native
BrightDrop/appcenter-sampleapp-react-native-1
BrightDrop/appcenter-sampleapp-xamarin
BrightDrop/appcenter-sampleapp-xamarin-1
BrightDrop/AppOne
BrightDrop/AppTwo
BrightDrop/azuredevops
BrightDrop/AzureDistribution
BrightDrop/AzureFunctionProxy
BrightDrop/brightdrop-ios-dev
BrightDrop/Buttons-XCUITest-demo
BrightDrop/CardiffMobileApp_53577900040349
BrightDrop/Clone_Example
BrightDrop/cPlusPlus
BrightDrop/CSSVSACUtil
BrightDrop/DeletingUsersPortal
BrightDrop/dfgdfsa
BrightDrop/Download_Speed
BrightDrop/dummy-android
BrightDrop/dummy-ios
BrightDrop/espresso_demo-ahana
BrightDrop/fairmanager
BrightDrop/FinalTry
BrightDrop/GitHubAppCenter
BrightDrop/GitHubManualWebHookConfigure
BrightDrop/GitLabSelfHost
BrightDrop/gradle_init_basic_kotlin
BrightDrop/install_appcenter_cli
BrightDrop/Intercom_Tools
BrightDrop/ionic_capacitor
BrightDrop/ionic_capacitor_android
BrightDrop/iOS_53577900040815
BrightDrop/ios_Crash_Analytics_AppCenter_SDK
BrightDrop/ios_Storyboard_ObjC_Sample
BrightDrop/iOSProvisioningCase
BrightDrop/iOSXamarinBuildScriptSample
BrightDrop/IsProjectRestoreSupported
BrightDrop/ISSUE_NU1503
BrightDrop/Kent-G.-App-Center-React-Native-Sample
BrightDrop/Kent-G.-Forms-Gallery
BrightDrop/Kent-G.-Forms-Gallery-1
BrightDrop/Kent-G.-React-Native-Sample-1
BrightDrop/Kent-G.-UITestDemo
BrightDrop/Kent-G.-UITestDemo-1
BrightDrop/Kent-G-UWP-Experiments
BrightDrop/keytool.windows
BrightDrop/ManualTestOnDevice
BrightDrop/MFD
BrightDrop/Microsoft-SampleApp-tvOS-Swift
BrightDrop/MulitFlavorDimension
BrightDrop/multiple_projects
BrightDrop/Notification-iOS-Aahana
BrightDrop/NU1503_Mobile_Project
BrightDrop/NU1503_Mobile_Project_Android
BrightDrop/NU1503_Mobile_Project_iOS
BrightDrop/nuget_issue
BrightDrop/nuget_issue_uwp
BrightDrop/NUITest
BrightDrop/ObjectiveC
BrightDrop/OneAnalytic
BrightDrop/Org_Security_Check
BrightDrop/Permission-1
BrightDrop/PortalReleseSorting
BrightDrop/PowerShell
BrightDrop/repo_missing_53577900985943
BrightDrop/Sample
BrightDrop/sample_azure_devops
BrightDrop/Sampleapp32
BrightDrop/SDKLoggingIssue
BrightDrop/ServiceRequest.Android
BrightDrop/ServiceRequest.iOS
BrightDrop/ServiceRequest.UWP
BrightDrop/Swiftnotes-Espresso-Kent
BrightDrop/TargetVersion
BrightDrop/test
BrightDrop/TEST
BrightDrop/ThreeAmigos_Android
BrightDrop/ThreeAmigos_iOS
BrightDrop/ThreeAmigos_UWP
BrightDrop/UITestDemo-Ahana
BrightDrop/UITestDemo-iOS-ahana
BrightDrop/UWP_SIGNINGCERTISSUE
BrightDrop/VS2019_Target_Framework
BrightDrop/VS22_OOB_Android_Xamarin
BrightDrop/VSAC_Diag
BrightDrop/Win_UWP_Electron
BrightDrop/Windows_UWP
BrightDrop/WPF_AppCenter_Sample
BrightDrop/XCUITest_Demo
BrightDrop/Yarn_Problems
Portal_Issues/53577900033600
Portal_Issues/53577900035427
Portal_Issues/53577900035427-1
Portal_Issues/53577900035614
Portal_Issues/53577900036553
Portal_Issues/53577900036565
Portal_Issues/53577900037884_bitbucket_branch_names
Portal_Issues/53577900039826
Portal_Issues/53577900039898_carthage
Portal_Issues/53577900040000_upgrade_npm
Portal_Issues/53577900040010_crash_stack
Portal_Issues/53577900040103_custom_build
Portal_Issues/53577900040601
Portal_Issues/53577900040949
Portal_Issues/53577900041584_New
Portal_Issues/53577900041584_newSolution
Portal_Issues/53577900041584_Old
Portal_Issues/53577900041868
Portal_Issues/53577900973857
Portal_Issues/53577900973857_ObjectiveSee
Portal_Issues/53577900979270
Portal_Issues/53577900979270-1
Portal_Issues/53577900980096_Analytics_Net_461
Portal_Issues/53577900980637_AntiVirus
Portal_Issues/53577900980637_AntiVirus_2
Portal_Issues/aab_test
Portal_Issues/ACC_API
Portal_Issues/Ahana-Android_demo_app
Portal_Issues/Ahana-G-RN-App
Portal_Issues/AnalyticOne
Portal_Issues/Android_Demo-Ahana
Portal_Issues/Android_Xamarin
Portal_Issues/Android_Xamarin_UI_Test
Portal_Issues/AndroidXamarinBuildScriptSample
Portal_Issues/AppCenter_WinForm
Portal_Issues/AppCenterCustomApp
Portal_Issues/AppCenterDiagnostics
Portal_Issues/AppCenterGeneralLogger
Portal_Issues/appcenter-sampleapp-android
Portal_Issues/appcenter-sampleapp-ios-swift
Portal_Issues/appcenter-sampleapp-macos-swift
Portal_Issues/appcenter-sampleapp-react-native
Portal_Issues/appcenter-sampleapp-react-native-1
Portal_Issues/appcenter-sampleapp-xamarin
Portal_Issues/appcenter-sampleapp-xamarin-1
Portal_Issues/AppOne
Portal_Issues/AppTwo
Portal_Issues/azuredevops
Portal_Issues/AzureDistribution
Portal_Issues/AzureFunctionProxy
Portal_Issues/brightdrop-ios-dev
Portal_Issues/Buttons-XCUITest-demo
Portal_Issues/CardiffMobileApp_53577900040349
Portal_Issues/Clone_Example
Portal_Issues/cPlusPlus
Portal_Issues/CSSVSACUtil
Portal_Issues/DeletingUsersPortal
Portal_Issues/dfgdfsa
Portal_Issues/Download_Speed
Portal_Issues/dummy-android
Portal_Issues/dummy-ios
Portal_Issues/espresso_demo-ahana
Portal_Issues/fairmanager
Portal_Issues/FinalTry
Portal_Issues/GitHubAppCenter
Portal_Issues/GitHubManualWebHookConfigure
Portal_Issues/GitLabSelfHost
Portal_Issues/gradle_init_basic_kotlin
Portal_Issues/install_appcenter_cli
Portal_Issues/Intercom_Tools
Portal_Issues/ionic_capacitor
Portal_Issues/ionic_capacitor_android
Portal_Issues/iOS_53577900040815
Portal_Issues/ios_Crash_Analytics_AppCenter_SDK
Portal_Issues/ios_Storyboard_ObjC_Sample
Portal_Issues/iOSProvisioningCase
Portal_Issues/iOSXamarinBuildScriptSample
Portal_Issues/IsProjectRestoreSupported
Portal_Issues/ISSUE_NU1503
Portal_Issues/Kent-G.-App-Center-React-Native-Sample
Portal_Issues/Kent-G.-Forms-Gallery
Portal_Issues/Kent-G.-Forms-Gallery-1
Portal_Issues/Kent-G.-React-Native-Sample-1
Portal_Issues/Kent-G.-UITestDemo
Portal_Issues/Kent-G.-UITestDemo-1
Portal_Issues/Kent-G-UWP-Experiments
Portal_Issues/keytool.windows
Portal_Issues/ManualTestOnDevice
Portal_Issues/MFD
Portal_Issues/Microsoft-SampleApp-tvOS-Swift
Portal_Issues/MulitFlavorDimension
Portal_Issues/multiple_projects
Portal_Issues/Notification-iOS-Aahana
Portal_Issues/NU1503_Mobile_Project
Portal_Issues/NU1503_Mobile_Project_Android
Portal_Issues/NU1503_Mobile_Project_iOS
Portal_Issues/nuget_issue
Portal_Issues/nuget_issue_uwp
Portal_Issues/NUITest
Portal_Issues/ObjectiveC
Portal_Issues/OneAnalytic
Portal_Issues/Org_Security_Check
Portal_Issues/Permission-1
Portal_Issues/PortalReleseSorting
Portal_Issues/PowerShell
Portal_Issues/repo_missing_53577900985943
Portal_Issues/Sample
Portal_Issues/sample_azure_devops
Portal_Issues/Sampleapp32
Portal_Issues/SDKLoggingIssue
Portal_Issues/ServiceRequest.Android
Portal_Issues/ServiceRequest.iOS
Portal_Issues/ServiceRequest.UWP
Portal_Issues/Swiftnotes-Espresso-Kent
Portal_Issues/TargetVersion
Portal_Issues/test
Portal_Issues/TEST
Portal_Issues/ThreeAmigos_Android
Portal_Issues/ThreeAmigos_iOS
Portal_Issues/ThreeAmigos_UWP
Portal_Issues/UITestDemo-Ahana
Portal_Issues/UITestDemo-iOS-ahana
Portal_Issues/UWP_SIGNINGCERTISSUE
Portal_Issues/VS2019_Target_Framework
Portal_Issues/VS22_OOB_Android_Xamarin
Portal_Issues/VSAC_Diag
Portal_Issues/Win_UWP_Electron
Portal_Issues/Windows_UWP
Portal_Issues/WPF_AppCenter_Sample
Portal_Issues/XCUITest_Demo
Portal_Issues/Yarn_Problems
